Number of passengers(n, n <= 500): 10
Number of passengers per cart(c, c < n): 4
car.load(c=4)
pass(i=0).board()
pass(i=5).board()
pass(i=6).board()
pass(i=7).board()
car.run()
car.unload(c=4)
pass(i=0).unboard()
pass(i=6).unboard()
pass(i=5).unboard()
pass(i=7).unboard()
car.load(c=4)
pass(i=8).board()
pass(i=3).board()
pass(i=9).board()
pass(i=4).board()
car.run()
car.unload(c=4)
pass(i=3).unboard()
pass(i=4).unboard()
pass(i=9).unboard()
pass(i=8).unboard()
car.load(c=4)
pass(i=2).board()
pass(i=0).board()
pass(i=6).board()
pass(i=1).board()
car.run()
car.unload(c=4)
pass(i=0).unboard()
pass(i=2).unboard()
pass(i=6).unboard()
pass(i=1).unboard()
car.load(c=4)
pass(i=5).board()
pass(i=9).board()
pass(i=7).board()
pass(i=3).board()
car.run()
car.unload(c=4)
pass(i=9).unboard()
pass(i=7).unboard()
pass(i=3).unboard()
pass(i=5).unboard()
car.load(c=4)
pass(i=4).board()
pass(i=2).board()
pass(i=8).board()
pass(i=0).board()
car.run()
car.unload(c=4)
pass(i=2).unboard()
pass(i=4).unboard()
pass(i=8).unboard()
pass(i=0).unboard()

